<?xml version="1.0" encoding="UTF-8"?>
<testng-results skipped="0" failed="0" ignored="0" total="1" passed="1">
  <reporter-output>
  </reporter-output>
  <suite name="Default suite" duration-ms="6383" started-at="2018-07-16T00:15:04Z" finished-at="2018-07-16T00:15:10Z">
    <groups>
    </groups>
    <test name="Default test" duration-ms="6383" started-at="2018-07-16T00:15:04Z" finished-at="2018-07-16T00:15:10Z">
      <class name="com.shiftedtech.qa.selenium.GoogleTitle">
        <test-method status="PASS" signature="setup()[pri:0, instance:com.shiftedtech.qa.selenium.GoogleTitle@724af044]" name="setup" is-config="true" duration-ms="5547" started-at="2018-07-16T00:15:04Z" finished-at="2018-07-16T00:15:10Z">
          <reporter-output>
          </reporter-output>
        </test-method> <!-- setup -->
        <test-method status="PASS" signature="getTitle()[pri:0, instance:com.shiftedtech.qa.selenium.GoogleTitle@724af044]" name="getTitle" duration-ms="28" started-at="2018-07-16T00:15:10Z" finished-at="2018-07-16T00:15:10Z">
          <reporter-output>
          </reporter-output>
        </test-method> <!-- getTitle -->
        <test-method status="PASS" signature="tearDown()[pri:0, instance:com.shiftedtech.qa.selenium.GoogleTitle@724af044]" name="tearDown" is-config="true" duration-ms="778" started-at="2018-07-16T00:15:10Z" finished-at="2018-07-16T00:15:10Z">
          <reporter-output>
          </reporter-output>
        </test-method> <!-- tearDown -->
      </class> <!-- com.shiftedtech.qa.selenium.GoogleTitle -->
    </test> <!-- Default test -->
  </suite> <!-- Default suite -->
</testng-results>
